-- Found ament_cmake: 2.5.5 (/opt/ros/jazzy/share/ament_cmake/cmake)
-- Override CMake install command with custom implementation using symlinks instead of copying resources
-- Found rclcpp: 28.1.16 (/opt/ros/jazzy/share/rclcpp/cmake)
-- Found rosidl_generator_c: 4.6.7 (/opt/ros/jazzy/share/rosidl_generator_c/cmake)
-- Found rosidl_generator_cpp: 4.6.7 (/opt/ros/jazzy/share/rosidl_generator_cpp/cmake)
-- Using all available rosidl_typesupport_c: rosidl_typesupport_fastrtps_c;rosidl_typesupport_introspection_c
-- Using all available rosidl_typesupport_cpp: rosidl_typesupport_fastrtps_cpp;rosidl_typesupport_introspection_cpp
-- Found rmw_implementation_cmake: 7.3.3 (/opt/ros/jazzy/share/rmw_implementation_cmake/cmake)
-- Found rmw_zenoh_cpp: 0.2.9 (/opt/ros/jazzy/share/rmw_zenoh_cpp/cmake)
-- Using RMW implementation 'rmw_zenoh_cpp' as default
-- Found rclpy: 7.1.9 (/opt/ros/jazzy/share/rclpy/cmake)
-- Found std_msgs: 5.3.6 (/opt/ros/jazzy/share/std_msgs/cmake)
-- Found std_srvs: 5.3.6 (/opt/ros/jazzy/share/std_srvs/cmake)
-- Configuring done (0.4s)
-- Generating done (0.0s)
-- Build files have been written to: /home/kappa/task1_ws/build/task1
-- Install configuration: ""
-- Execute custom install script
-- Symlinking: /home/kappa/task1_ws/install/task1/share/task1//launch/dis_sim.launch.py
-- Symlinking: /home/kappa/task1_ws/install/task1/share/task1//launch/localization.launch.py
-- Symlinking: /home/kappa/task1_ws/install/task1/share/task1//launch/nav2.launch.py
-- Symlinking: /home/kappa/task1_ws/install/task1/share/task1//launch/robot_description.launch.py
-- Symlinking: /home/kappa/task1_ws/install/task1/share/task1//launch/sim.launch.py
-- Symlinking: /home/kappa/task1_ws/install/task1/share/task1//launch/sim_turtlebot_nav.launch.py
-- Symlinking: /home/kappa/task1_ws/install/task1/share/task1//launch/sim_turtlebot_slam.launch.py
-- Symlinking: /home/kappa/task1_ws/install/task1/share/task1//launch/slam.launch.py
-- Symlinking: /home/kappa/task1_ws/install/task1/share/task1//launch/turtlebot4_spawn.launch.py
-- Symlinking: /home/kappa/task1_ws/install/task1/share/task1//config/laser_filter_chain.yaml
-- Symlinking: /home/kappa/task1_ws/install/task1/share/task1//config/localization.yaml
-- Symlinking: /home/kappa/task1_ws/install/task1/share/task1//config/nav2.yaml
-- Symlinking: /home/kappa/task1_ws/install/task1/share/task1//config/slam.yaml
-- Symlinking: /home/kappa/task1_ws/install/task1/share/task1//worlds/bird_demo1.sdf
-- Symlinking: /home/kappa/task1_ws/install/task1/share/task1//worlds/bird_demo1_meshes/black.jpg
-- Symlinking: /home/kappa/task1_ws/install/task1/share/task1//worlds/bird_demo1_meshes/blue.jpg
-- Symlinking: /home/kappa/task1_ws/install/task1/share/task1//worlds/bird_demo1_meshes/dirt2.jpg
-- Symlinking: /home/kappa/task1_ws/install/task1/share/task1//worlds/bird_demo1_meshes/fakering1.jpg
-- Symlinking: /home/kappa/task1_ws/install/task1/share/task1//worlds/bird_demo1_meshes/fakering2.jpg
-- Symlinking: /home/kappa/task1_ws/install/task1/share/task1//worlds/bird_demo1_meshes/fakering3.jpg
-- Symlinking: /home/kappa/task1_ws/install/task1/share/task1//worlds/bird_demo1_meshes/frigatebird.jpg
-- Symlinking: /home/kappa/task1_ws/install/task1/share/task1//worlds/bird_demo1_meshes/grass.jpg
-- Symlinking: /home/kappa/task1_ws/install/task1/share/task1//worlds/bird_demo1_meshes/grass_side.jpg
-- Symlinking: /home/kappa/task1_ws/install/task1/share/task1//worlds/bird_demo1_meshes/green.jpg
-- Symlinking: /home/kappa/task1_ws/install/task1/share/task1//worlds/bird_demo1_meshes/green_kingfisher.jpg
-- Symlinking: /home/kappa/task1_ws/install/task1/share/task1//worlds/bird_demo1_meshes/ground.jpg
-- Symlinking: /home/kappa/task1_ws/install/task1/share/task1//worlds/bird_demo1_meshes/map.dae
-- Symlinking: /home/kappa/task1_ws/install/task1/share/task1//worlds/bird_demo1_meshes/map_colliders.dae
-- Symlinking: /home/kappa/task1_ws/install/task1/share/task1//worlds/bird_demo1_meshes/objects.jpg
-- Symlinking: /home/kappa/task1_ws/install/task1/share/task1//worlds/bird_demo1_meshes/person1.png
-- Symlinking: /home/kappa/task1_ws/install/task1/share/task1//worlds/bird_demo1_meshes/person13.png
-- Symlinking: /home/kappa/task1_ws/install/task1/share/task1//worlds/bird_demo1_meshes/person14.png
-- Symlinking: /home/kappa/task1_ws/install/task1/share/task1//worlds/bird_demo1_meshes/person2.png.001.png
-- Symlinking: /home/kappa/task1_ws/install/task1/share/task1//worlds/bird_demo1_meshes/person5.png.001.png
-- Symlinking: /home/kappa/task1_ws/install/task1/share/task1//worlds/bird_demo1_meshes/person7.png
-- Symlinking: /home/kappa/task1_ws/install/task1/share/task1//worlds/bird_demo1_meshes/qr1.jpg
-- Symlinking: /home/kappa/task1_ws/install/task1/share/task1//worlds/bird_demo1_meshes/qr2.jpg
-- Symlinking: /home/kappa/task1_ws/install/task1/share/task1//worlds/bird_demo1_meshes/qr3.jpg
-- Symlinking: /home/kappa/task1_ws/install/task1/share/task1//worlds/bird_demo1_meshes/qr4.jpg
-- Symlinking: /home/kappa/task1_ws/install/task1/share/task1//worlds/bird_demo1_meshes/red.jpg
-- Symlinking: /home/kappa/task1_ws/install/task1/share/task1//worlds/bird_demo1_meshes/rosy_finch.jpg
-- Symlinking: /home/kappa/task1_ws/install/task1/share/task1//worlds/bird_demo1_meshes/rusty_blackbird.jpg
-- Symlinking: /home/kappa/task1_ws/install/task1/share/task1//worlds/bird_demo1_meshes/water.jpg
-- Symlinking: /home/kappa/task1_ws/install/task1/share/task1//worlds/bird_demo1_meshes/wood.jpg
-- Symlinking: /home/kappa/task1_ws/install/task1/share/task1//worlds/bird_demo1_meshes/yellow.jpg
-- Symlinking: /home/kappa/task1_ws/install/task1/share/task1//worlds/task1_blue_demo.sdf
-- Symlinking: /home/kappa/task1_ws/install/task1/share/task1//worlds/task1_blue_demo_meshes/black.jpg
-- Symlinking: /home/kappa/task1_ws/install/task1/share/task1//worlds/task1_blue_demo_meshes/blue.jpg
-- Symlinking: /home/kappa/task1_ws/install/task1/share/task1//worlds/task1_blue_demo_meshes/collider.obj
-- Symlinking: /home/kappa/task1_ws/install/task1/share/task1//worlds/task1_blue_demo_meshes/fakering1.jpg
-- Symlinking: /home/kappa/task1_ws/install/task1/share/task1//worlds/task1_blue_demo_meshes/fakering2.jpg
-- Symlinking: /home/kappa/task1_ws/install/task1/share/task1//worlds/task1_blue_demo_meshes/fakering3.jpg
-- Symlinking: /home/kappa/task1_ws/install/task1/share/task1//worlds/task1_blue_demo_meshes/green.jpg
-- Symlinking: /home/kappa/task1_ws/install/task1/share/task1//worlds/task1_blue_demo_meshes/ground.jpg
-- Symlinking: /home/kappa/task1_ws/install/task1/share/task1//worlds/task1_blue_demo_meshes/map.mtl
-- Symlinking: /home/kappa/task1_ws/install/task1/share/task1//worlds/task1_blue_demo_meshes/map.obj
-- Symlinking: /home/kappa/task1_ws/install/task1/share/task1//worlds/task1_blue_demo_meshes/objects.jpg
-- Symlinking: /home/kappa/task1_ws/install/task1/share/task1//worlds/task1_blue_demo_meshes/person1.png
-- Symlinking: /home/kappa/task1_ws/install/task1/share/task1//worlds/task1_blue_demo_meshes/person18.png
-- Symlinking: /home/kappa/task1_ws/install/task1/share/task1//worlds/task1_blue_demo_meshes/person5.png
-- Symlinking: /home/kappa/task1_ws/install/task1/share/task1//worlds/task1_blue_demo_meshes/red.jpg
-- Symlinking: /home/kappa/task1_ws/install/task1/share/task1//worlds/task1_blue_demo_meshes/yellow.jpg
-- Symlinking: /home/kappa/task1_ws/install/task1/share/task1//worlds/task1_green_demo.sdf
-- Symlinking: /home/kappa/task1_ws/install/task1/share/task1//worlds/task1_green_demo_meshes/black.jpg
-- Symlinking: /home/kappa/task1_ws/install/task1/share/task1//worlds/task1_green_demo_meshes/blue.jpg
-- Symlinking: /home/kappa/task1_ws/install/task1/share/task1//worlds/task1_green_demo_meshes/collider.mtl
-- Symlinking: /home/kappa/task1_ws/install/task1/share/task1//worlds/task1_green_demo_meshes/collider.obj
-- Symlinking: /home/kappa/task1_ws/install/task1/share/task1//worlds/task1_green_demo_meshes/fakering1.jpg
-- Symlinking: /home/kappa/task1_ws/install/task1/share/task1//worlds/task1_green_demo_meshes/fakering2.jpg
-- Symlinking: /home/kappa/task1_ws/install/task1/share/task1//worlds/task1_green_demo_meshes/fakering3.jpg
-- Symlinking: /home/kappa/task1_ws/install/task1/share/task1//worlds/task1_green_demo_meshes/green.jpg
-- Symlinking: /home/kappa/task1_ws/install/task1/share/task1//worlds/task1_green_demo_meshes/ground.jpg
-- Symlinking: /home/kappa/task1_ws/install/task1/share/task1//worlds/task1_green_demo_meshes/map.mtl
-- Symlinking: /home/kappa/task1_ws/install/task1/share/task1//worlds/task1_green_demo_meshes/map.obj
-- Symlinking: /home/kappa/task1_ws/install/task1/share/task1//worlds/task1_green_demo_meshes/objects.jpg
-- Symlinking: /home/kappa/task1_ws/install/task1/share/task1//worlds/task1_green_demo_meshes/person17.png
-- Symlinking: /home/kappa/task1_ws/install/task1/share/task1//worlds/task1_green_demo_meshes/person25.jpg
-- Symlinking: /home/kappa/task1_ws/install/task1/share/task1//worlds/task1_green_demo_meshes/person37.jpg
-- Symlinking: /home/kappa/task1_ws/install/task1/share/task1//worlds/task1_green_demo_meshes/red.jpg
-- Symlinking: /home/kappa/task1_ws/install/task1/share/task1//worlds/task1_green_demo_meshes/yellow.jpg
-- Symlinking: /home/kappa/task1_ws/install/task1/share/task1//worlds/task1_yellow_demo.sdf
-- Symlinking: /home/kappa/task1_ws/install/task1/share/task1//worlds/task1_yellow_demo_meshes/black.jpg
-- Symlinking: /home/kappa/task1_ws/install/task1/share/task1//worlds/task1_yellow_demo_meshes/blue.jpg
-- Symlinking: /home/kappa/task1_ws/install/task1/share/task1//worlds/task1_yellow_demo_meshes/collider.obj
-- Symlinking: /home/kappa/task1_ws/install/task1/share/task1//worlds/task1_yellow_demo_meshes/fakering1.jpg
-- Symlinking: /home/kappa/task1_ws/install/task1/share/task1//worlds/task1_yellow_demo_meshes/fakering2.jpg
-- Symlinking: /home/kappa/task1_ws/install/task1/share/task1//worlds/task1_yellow_demo_meshes/fakering3.jpg
-- Symlinking: /home/kappa/task1_ws/install/task1/share/task1//worlds/task1_yellow_demo_meshes/green.jpg
-- Symlinking: /home/kappa/task1_ws/install/task1/share/task1//worlds/task1_yellow_demo_meshes/ground.jpg
-- Symlinking: /home/kappa/task1_ws/install/task1/share/task1//worlds/task1_yellow_demo_meshes/map.mtl
-- Symlinking: /home/kappa/task1_ws/install/task1/share/task1//worlds/task1_yellow_demo_meshes/map.obj
-- Symlinking: /home/kappa/task1_ws/install/task1/share/task1//worlds/task1_yellow_demo_meshes/objects.jpg
-- Symlinking: /home/kappa/task1_ws/install/task1/share/task1//worlds/task1_yellow_demo_meshes/person11.png
-- Symlinking: /home/kappa/task1_ws/install/task1/share/task1//worlds/task1_yellow_demo_meshes/person12.png
-- Symlinking: /home/kappa/task1_ws/install/task1/share/task1//worlds/task1_yellow_demo_meshes/person9.png
-- Symlinking: /home/kappa/task1_ws/install/task1/share/task1//worlds/task1_yellow_demo_meshes/red.jpg
-- Symlinking: /home/kappa/task1_ws/install/task1/share/task1//worlds/task1_yellow_demo_meshes/yellow.jpg
-- Symlinking: /home/kappa/task1_ws/install/task1/share/task1//maps/bird_demo.pgm
-- Symlinking: /home/kappa/task1_ws/install/task1/share/task1//maps/bird_demo.yaml
-- Symlinking: /home/kappa/task1_ws/install/task1/share/task1//maps/task1.pgm
-- Symlinking: /home/kappa/task1_ws/install/task1/share/task1//maps/task1.yaml
-- Symlinking: /home/kappa/task1_ws/install/task1/share/task1//urdf/lite/turtlebot4.urdf.xacro
-- Symlinking: /home/kappa/task1_ws/install/task1/share/task1//urdf/sensors/camera_bracket.urdf.xacro
-- Symlinking: /home/kappa/task1_ws/install/task1/share/task1//urdf/sensors/oakd.urdf.xacro
-- Symlinking: /home/kappa/task1_ws/install/task1/share/task1//urdf/sensors/rplidar.urdf.xacro
-- Symlinking: /home/kappa/task1_ws/install/task1/share/task1//urdf/standard/tower_sensor_plate.urdf.xacro
-- Symlinking: /home/kappa/task1_ws/install/task1/share/task1//urdf/standard/tower_standoff.urdf.xacro
-- Symlinking: /home/kappa/task1_ws/install/task1/share/task1//urdf/standard/turtlebot4.urdf.xacro
-- Symlinking: /home/kappa/task1_ws/install/task1/share/task1//urdf/standard/weight_block.urdf.xacro
-- Symlinking: /home/kappa/task1_ws/install/task1/lib/task1/detect_rings.py
-- Up-to-date symlink: /home/kappa/task1_ws/install/task1/share/ament_index/resource_index/package_run_dependencies/task1
-- Up-to-date symlink: /home/kappa/task1_ws/install/task1/share/ament_index/resource_index/parent_prefix_path/task1
-- Up-to-date symlink: /home/kappa/task1_ws/install/task1/share/task1/environment/ament_prefix_path.sh
-- Up-to-date symlink: /home/kappa/task1_ws/install/task1/share/task1/environment/ament_prefix_path.dsv
-- Up-to-date symlink: /home/kappa/task1_ws/install/task1/share/task1/environment/path.sh
-- Up-to-date symlink: /home/kappa/task1_ws/install/task1/share/task1/environment/path.dsv
-- Up-to-date symlink: /home/kappa/task1_ws/install/task1/share/task1/local_setup.bash
-- Up-to-date symlink: /home/kappa/task1_ws/install/task1/share/task1/local_setup.sh
-- Up-to-date symlink: /home/kappa/task1_ws/install/task1/share/task1/local_setup.zsh
-- Up-to-date symlink: /home/kappa/task1_ws/install/task1/share/task1/local_setup.dsv
-- Symlinking: /home/kappa/task1_ws/install/task1/share/task1/package.dsv
-- Up-to-date symlink: /home/kappa/task1_ws/install/task1/share/ament_index/resource_index/packages/task1
-- Up-to-date symlink: /home/kappa/task1_ws/install/task1/share/task1/cmake/task1Config.cmake
-- Up-to-date symlink: /home/kappa/task1_ws/install/task1/share/task1/cmake/task1Config-version.cmake
-- Up-to-date symlink: /home/kappa/task1_ws/install/task1/share/task1/package.xml
