[0.006s] Invoking command in '/home/kappa/task1_ws/build/task1': CMAKE_PREFIX_PATH=${CMAKE_PREFIX_PATH}:/opt/ros/jazzy DEBUGINFOD_URLS=https://debuginfod.ubuntu.com /usr/bin/cmake --build /home/kappa/task1_ws/build/task1 -- -j16 -l16
[0.022s] -- Found ament_cmake: 2.5.5 (/opt/ros/jazzy/share/ament_cmake/cmake)
[0.150s] -- Override CMake install command with custom implementation using symlinks instead of copying resources
[0.156s] -- Found rclcpp: 28.1.16 (/opt/ros/jazzy/share/rclcpp/cmake)
[0.190s] -- Found rosidl_generator_c: 4.6.7 (/opt/ros/jazzy/share/rosidl_generator_c/cmake)
[0.201s] -- Found rosidl_generator_cpp: 4.6.7 (/opt/ros/jazzy/share/rosidl_generator_cpp/cmake)
[0.214s] -- Using all available rosidl_typesupport_c: rosidl_typesupport_fastrtps_c;rosidl_typesupport_introspection_c
[0.228s] -- Using all available rosidl_typesupport_cpp: rosidl_typesupport_fastrtps_cpp;rosidl_typesupport_introspection_cpp
[0.286s] -- Found rmw_implementation_cmake: 7.3.3 (/opt/ros/jazzy/share/rmw_implementation_cmake/cmake)
[0.288s] -- Found rmw_zenoh_cpp: 0.2.9 (/opt/ros/jazzy/share/rmw_zenoh_cpp/cmake)
[0.289s] -- Using RMW implementation 'rmw_zenoh_cpp' as default
[0.343s] -- Found rclpy: 7.1.9 (/opt/ros/jazzy/share/rclpy/cmake)
[0.345s] -- Found std_msgs: 5.3.6 (/opt/ros/jazzy/share/std_msgs/cmake)
[0.356s] -- Found std_srvs: 5.3.6 (/opt/ros/jazzy/share/std_srvs/cmake)
[0.421s] -- Configuring done (0.4s)
[0.423s] -- Generating done (0.0s)
[0.424s] -- Build files have been written to: /home/kappa/task1_ws/build/task1
[0.441s] Invoked command in '/home/kappa/task1_ws/build/task1' returned '0': CMAKE_PREFIX_PATH=${CMAKE_PREFIX_PATH}:/opt/ros/jazzy DEBUGINFOD_URLS=https://debuginfod.ubuntu.com /usr/bin/cmake --build /home/kappa/task1_ws/build/task1 -- -j16 -l16
[0.447s] Invoking command in '/home/kappa/task1_ws/build/task1': CMAKE_PREFIX_PATH=${CMAKE_PREFIX_PATH}:/opt/ros/jazzy DEBUGINFOD_URLS=https://debuginfod.ubuntu.com /usr/bin/cmake --install /home/kappa/task1_ws/build/task1
[0.451s] -- Install configuration: ""
[0.451s] -- Execute custom install script
[0.452s] -- Symlinking: /home/kappa/task1_ws/install/task1/share/task1//launch/dis_sim.launch.py
[0.457s] -- Symlinking: /home/kappa/task1_ws/install/task1/share/task1//launch/localization.launch.py
[0.461s] -- Symlinking: /home/kappa/task1_ws/install/task1/share/task1//launch/nav2.launch.py
[0.466s] -- Symlinking: /home/kappa/task1_ws/install/task1/share/task1//launch/robot_description.launch.py
[0.471s] -- Symlinking: /home/kappa/task1_ws/install/task1/share/task1//launch/sim.launch.py
[0.476s] -- Symlinking: /home/kappa/task1_ws/install/task1/share/task1//launch/sim_turtlebot_nav.launch.py
[0.481s] -- Symlinking: /home/kappa/task1_ws/install/task1/share/task1//launch/sim_turtlebot_slam.launch.py
[0.485s] -- Symlinking: /home/kappa/task1_ws/install/task1/share/task1//launch/slam.launch.py
[0.490s] -- Symlinking: /home/kappa/task1_ws/install/task1/share/task1//launch/turtlebot4_spawn.launch.py
[0.495s] -- Symlinking: /home/kappa/task1_ws/install/task1/share/task1//config/laser_filter_chain.yaml
[0.500s] -- Symlinking: /home/kappa/task1_ws/install/task1/share/task1//config/localization.yaml
[0.504s] -- Symlinking: /home/kappa/task1_ws/install/task1/share/task1//config/nav2.yaml
[0.510s] -- Symlinking: /home/kappa/task1_ws/install/task1/share/task1//config/slam.yaml
[0.520s] -- Symlinking: /home/kappa/task1_ws/install/task1/share/task1//worlds/bird_demo1.sdf
[0.529s] -- Symlinking: /home/kappa/task1_ws/install/task1/share/task1//worlds/bird_demo1_meshes/black.jpg
[0.537s] -- Symlinking: /home/kappa/task1_ws/install/task1/share/task1//worlds/bird_demo1_meshes/blue.jpg
[0.546s] -- Symlinking: /home/kappa/task1_ws/install/task1/share/task1//worlds/bird_demo1_meshes/dirt2.jpg
[0.557s] -- Symlinking: /home/kappa/task1_ws/install/task1/share/task1//worlds/bird_demo1_meshes/fakering1.jpg
[0.567s] -- Symlinking: /home/kappa/task1_ws/install/task1/share/task1//worlds/bird_demo1_meshes/fakering2.jpg
[0.576s] -- Symlinking: /home/kappa/task1_ws/install/task1/share/task1//worlds/bird_demo1_meshes/fakering3.jpg
[0.586s] -- Symlinking: /home/kappa/task1_ws/install/task1/share/task1//worlds/bird_demo1_meshes/frigatebird.jpg
[0.597s] -- Symlinking: /home/kappa/task1_ws/install/task1/share/task1//worlds/bird_demo1_meshes/grass.jpg
[0.606s] -- Symlinking: /home/kappa/task1_ws/install/task1/share/task1//worlds/bird_demo1_meshes/grass_side.jpg
[0.616s] -- Symlinking: /home/kappa/task1_ws/install/task1/share/task1//worlds/bird_demo1_meshes/green.jpg
[0.624s] -- Symlinking: /home/kappa/task1_ws/install/task1/share/task1//worlds/bird_demo1_meshes/green_kingfisher.jpg
[0.633s] -- Symlinking: /home/kappa/task1_ws/install/task1/share/task1//worlds/bird_demo1_meshes/ground.jpg
[0.645s] -- Symlinking: /home/kappa/task1_ws/install/task1/share/task1//worlds/bird_demo1_meshes/map.dae
[0.657s] -- Symlinking: /home/kappa/task1_ws/install/task1/share/task1//worlds/bird_demo1_meshes/map_colliders.dae
[0.668s] -- Symlinking: /home/kappa/task1_ws/install/task1/share/task1//worlds/bird_demo1_meshes/objects.jpg
[0.680s] -- Symlinking: /home/kappa/task1_ws/install/task1/share/task1//worlds/bird_demo1_meshes/person1.png
[0.691s] -- Symlinking: /home/kappa/task1_ws/install/task1/share/task1//worlds/bird_demo1_meshes/person13.png
[0.699s] -- Symlinking: /home/kappa/task1_ws/install/task1/share/task1//worlds/bird_demo1_meshes/person14.png
[0.705s] -- Symlinking: /home/kappa/task1_ws/install/task1/share/task1//worlds/bird_demo1_meshes/person2.png.001.png
[0.714s] -- Symlinking: /home/kappa/task1_ws/install/task1/share/task1//worlds/bird_demo1_meshes/person5.png.001.png
[0.725s] -- Symlinking: /home/kappa/task1_ws/install/task1/share/task1//worlds/bird_demo1_meshes/person7.png
[0.736s] -- Symlinking: /home/kappa/task1_ws/install/task1/share/task1//worlds/bird_demo1_meshes/qr1.jpg
[0.744s] -- Symlinking: /home/kappa/task1_ws/install/task1/share/task1//worlds/bird_demo1_meshes/qr2.jpg
[0.755s] -- Symlinking: /home/kappa/task1_ws/install/task1/share/task1//worlds/bird_demo1_meshes/qr3.jpg
[0.766s] -- Symlinking: /home/kappa/task1_ws/install/task1/share/task1//worlds/bird_demo1_meshes/qr4.jpg
[0.776s] -- Symlinking: /home/kappa/task1_ws/install/task1/share/task1//worlds/bird_demo1_meshes/red.jpg
[0.788s] -- Symlinking: /home/kappa/task1_ws/install/task1/share/task1//worlds/bird_demo1_meshes/rosy_finch.jpg
[0.800s] -- Symlinking: /home/kappa/task1_ws/install/task1/share/task1//worlds/bird_demo1_meshes/rusty_blackbird.jpg
[0.810s] -- Symlinking: /home/kappa/task1_ws/install/task1/share/task1//worlds/bird_demo1_meshes/water.jpg
[0.818s] -- Symlinking: /home/kappa/task1_ws/install/task1/share/task1//worlds/bird_demo1_meshes/wood.jpg
[0.828s] -- Symlinking: /home/kappa/task1_ws/install/task1/share/task1//worlds/bird_demo1_meshes/yellow.jpg
[0.835s] -- Symlinking: /home/kappa/task1_ws/install/task1/share/task1//worlds/task1_blue_demo.sdf
[0.847s] -- Symlinking: /home/kappa/task1_ws/install/task1/share/task1//worlds/task1_blue_demo_meshes/black.jpg
[0.855s] -- Symlinking: /home/kappa/task1_ws/install/task1/share/task1//worlds/task1_blue_demo_meshes/blue.jpg
[0.864s] -- Symlinking: /home/kappa/task1_ws/install/task1/share/task1//worlds/task1_blue_demo_meshes/collider.obj
[0.875s] -- Symlinking: /home/kappa/task1_ws/install/task1/share/task1//worlds/task1_blue_demo_meshes/fakering1.jpg
[0.886s] -- Symlinking: /home/kappa/task1_ws/install/task1/share/task1//worlds/task1_blue_demo_meshes/fakering2.jpg
[0.896s] -- Symlinking: /home/kappa/task1_ws/install/task1/share/task1//worlds/task1_blue_demo_meshes/fakering3.jpg
[0.908s] -- Symlinking: /home/kappa/task1_ws/install/task1/share/task1//worlds/task1_blue_demo_meshes/green.jpg
[0.920s] -- Symlinking: /home/kappa/task1_ws/install/task1/share/task1//worlds/task1_blue_demo_meshes/ground.jpg
[0.932s] -- Symlinking: /home/kappa/task1_ws/install/task1/share/task1//worlds/task1_blue_demo_meshes/map.mtl
[0.942s] -- Symlinking: /home/kappa/task1_ws/install/task1/share/task1//worlds/task1_blue_demo_meshes/map.obj
[0.954s] -- Symlinking: /home/kappa/task1_ws/install/task1/share/task1//worlds/task1_blue_demo_meshes/objects.jpg
[0.966s] -- Symlinking: /home/kappa/task1_ws/install/task1/share/task1//worlds/task1_blue_demo_meshes/person1.png
[0.976s] -- Symlinking: /home/kappa/task1_ws/install/task1/share/task1//worlds/task1_blue_demo_meshes/person18.png
[0.984s] -- Symlinking: /home/kappa/task1_ws/install/task1/share/task1//worlds/task1_blue_demo_meshes/person5.png
[0.993s] -- Symlinking: /home/kappa/task1_ws/install/task1/share/task1//worlds/task1_blue_demo_meshes/red.jpg
[1.000s] -- Symlinking: /home/kappa/task1_ws/install/task1/share/task1//worlds/task1_blue_demo_meshes/yellow.jpg
[1.011s] -- Symlinking: /home/kappa/task1_ws/install/task1/share/task1//worlds/task1_green_demo.sdf
[1.023s] -- Symlinking: /home/kappa/task1_ws/install/task1/share/task1//worlds/task1_green_demo_meshes/black.jpg
[1.036s] -- Symlinking: /home/kappa/task1_ws/install/task1/share/task1//worlds/task1_green_demo_meshes/blue.jpg
[1.048s] -- Symlinking: /home/kappa/task1_ws/install/task1/share/task1//worlds/task1_green_demo_meshes/collider.mtl
[1.058s] -- Symlinking: /home/kappa/task1_ws/install/task1/share/task1//worlds/task1_green_demo_meshes/collider.obj
[1.066s] -- Symlinking: /home/kappa/task1_ws/install/task1/share/task1//worlds/task1_green_demo_meshes/fakering1.jpg
[1.078s] -- Symlinking: /home/kappa/task1_ws/install/task1/share/task1//worlds/task1_green_demo_meshes/fakering2.jpg
[1.089s] -- Symlinking: /home/kappa/task1_ws/install/task1/share/task1//worlds/task1_green_demo_meshes/fakering3.jpg
[1.099s] -- Symlinking: /home/kappa/task1_ws/install/task1/share/task1//worlds/task1_green_demo_meshes/green.jpg
[1.111s] -- Symlinking: /home/kappa/task1_ws/install/task1/share/task1//worlds/task1_green_demo_meshes/ground.jpg
[1.122s] -- Symlinking: /home/kappa/task1_ws/install/task1/share/task1//worlds/task1_green_demo_meshes/map.mtl
[1.130s] -- Symlinking: /home/kappa/task1_ws/install/task1/share/task1//worlds/task1_green_demo_meshes/map.obj
[1.135s] -- Symlinking: /home/kappa/task1_ws/install/task1/share/task1//worlds/task1_green_demo_meshes/objects.jpg
[1.145s] -- Symlinking: /home/kappa/task1_ws/install/task1/share/task1//worlds/task1_green_demo_meshes/person17.png
[1.157s] -- Symlinking: /home/kappa/task1_ws/install/task1/share/task1//worlds/task1_green_demo_meshes/person25.jpg
[1.168s] -- Symlinking: /home/kappa/task1_ws/install/task1/share/task1//worlds/task1_green_demo_meshes/person37.jpg
[1.176s] -- Symlinking: /home/kappa/task1_ws/install/task1/share/task1//worlds/task1_green_demo_meshes/red.jpg
[1.186s] -- Symlinking: /home/kappa/task1_ws/install/task1/share/task1//worlds/task1_green_demo_meshes/yellow.jpg
[1.198s] -- Symlinking: /home/kappa/task1_ws/install/task1/share/task1//worlds/task1_yellow_demo.sdf
[1.210s] -- Symlinking: /home/kappa/task1_ws/install/task1/share/task1//worlds/task1_yellow_demo_meshes/black.jpg
[1.222s] -- Symlinking: /home/kappa/task1_ws/install/task1/share/task1//worlds/task1_yellow_demo_meshes/blue.jpg
[1.234s] -- Symlinking: /home/kappa/task1_ws/install/task1/share/task1//worlds/task1_yellow_demo_meshes/collider.obj
[1.246s] -- Symlinking: /home/kappa/task1_ws/install/task1/share/task1//worlds/task1_yellow_demo_meshes/fakering1.jpg
[1.257s] -- Symlinking: /home/kappa/task1_ws/install/task1/share/task1//worlds/task1_yellow_demo_meshes/fakering2.jpg
[1.266s] -- Symlinking: /home/kappa/task1_ws/install/task1/share/task1//worlds/task1_yellow_demo_meshes/fakering3.jpg
[1.278s] -- Symlinking: /home/kappa/task1_ws/install/task1/share/task1//worlds/task1_yellow_demo_meshes/green.jpg
[1.290s] -- Symlinking: /home/kappa/task1_ws/install/task1/share/task1//worlds/task1_yellow_demo_meshes/ground.jpg
[1.300s] -- Symlinking: /home/kappa/task1_ws/install/task1/share/task1//worlds/task1_yellow_demo_meshes/map.mtl
[1.308s] -- Symlinking: /home/kappa/task1_ws/install/task1/share/task1//worlds/task1_yellow_demo_meshes/map.obj
[1.316s] -- Symlinking: /home/kappa/task1_ws/install/task1/share/task1//worlds/task1_yellow_demo_meshes/objects.jpg
[1.324s] -- Symlinking: /home/kappa/task1_ws/install/task1/share/task1//worlds/task1_yellow_demo_meshes/person11.png
[1.330s] -- Symlinking: /home/kappa/task1_ws/install/task1/share/task1//worlds/task1_yellow_demo_meshes/person12.png
[1.340s] -- Symlinking: /home/kappa/task1_ws/install/task1/share/task1//worlds/task1_yellow_demo_meshes/person9.png
[1.351s] -- Symlinking: /home/kappa/task1_ws/install/task1/share/task1//worlds/task1_yellow_demo_meshes/red.jpg
[1.363s] -- Symlinking: /home/kappa/task1_ws/install/task1/share/task1//worlds/task1_yellow_demo_meshes/yellow.jpg
[1.374s] -- Symlinking: /home/kappa/task1_ws/install/task1/share/task1//maps/bird_demo.pgm
[1.384s] -- Symlinking: /home/kappa/task1_ws/install/task1/share/task1//maps/bird_demo.yaml
[1.392s] -- Symlinking: /home/kappa/task1_ws/install/task1/share/task1//maps/task1.pgm
[1.397s] -- Symlinking: /home/kappa/task1_ws/install/task1/share/task1//maps/task1.yaml
[1.404s] -- Symlinking: /home/kappa/task1_ws/install/task1/share/task1//urdf/lite/turtlebot4.urdf.xacro
[1.415s] -- Symlinking: /home/kappa/task1_ws/install/task1/share/task1//urdf/sensors/camera_bracket.urdf.xacro
[1.426s] -- Symlinking: /home/kappa/task1_ws/install/task1/share/task1//urdf/sensors/oakd.urdf.xacro
[1.439s] -- Symlinking: /home/kappa/task1_ws/install/task1/share/task1//urdf/sensors/rplidar.urdf.xacro
[1.450s] -- Symlinking: /home/kappa/task1_ws/install/task1/share/task1//urdf/standard/tower_sensor_plate.urdf.xacro
[1.461s] -- Symlinking: /home/kappa/task1_ws/install/task1/share/task1//urdf/standard/tower_standoff.urdf.xacro
[1.473s] -- Symlinking: /home/kappa/task1_ws/install/task1/share/task1//urdf/standard/turtlebot4.urdf.xacro
[1.485s] -- Symlinking: /home/kappa/task1_ws/install/task1/share/task1//urdf/standard/weight_block.urdf.xacro
[1.497s] -- Symlinking: /home/kappa/task1_ws/install/task1/lib/task1/detect_rings.py
[1.508s] -- Up-to-date symlink: /home/kappa/task1_ws/install/task1/share/ament_index/resource_index/package_run_dependencies/task1
[1.508s] -- Up-to-date symlink: /home/kappa/task1_ws/install/task1/share/ament_index/resource_index/parent_prefix_path/task1
[1.509s] -- Up-to-date symlink: /home/kappa/task1_ws/install/task1/share/task1/environment/ament_prefix_path.sh
[1.509s] -- Up-to-date symlink: /home/kappa/task1_ws/install/task1/share/task1/environment/ament_prefix_path.dsv
[1.509s] -- Up-to-date symlink: /home/kappa/task1_ws/install/task1/share/task1/environment/path.sh
[1.509s] -- Up-to-date symlink: /home/kappa/task1_ws/install/task1/share/task1/environment/path.dsv
[1.509s] -- Up-to-date symlink: /home/kappa/task1_ws/install/task1/share/task1/local_setup.bash
[1.509s] -- Up-to-date symlink: /home/kappa/task1_ws/install/task1/share/task1/local_setup.sh
[1.509s] -- Up-to-date symlink: /home/kappa/task1_ws/install/task1/share/task1/local_setup.zsh
[1.510s] -- Up-to-date symlink: /home/kappa/task1_ws/install/task1/share/task1/local_setup.dsv
[1.510s] -- Symlinking: /home/kappa/task1_ws/install/task1/share/task1/package.dsv
[1.515s] -- Up-to-date symlink: /home/kappa/task1_ws/install/task1/share/ament_index/resource_index/packages/task1
[1.515s] -- Up-to-date symlink: /home/kappa/task1_ws/install/task1/share/task1/cmake/task1Config.cmake
[1.515s] -- Up-to-date symlink: /home/kappa/task1_ws/install/task1/share/task1/cmake/task1Config-version.cmake
[1.515s] -- Up-to-date symlink: /home/kappa/task1_ws/install/task1/share/task1/package.xml
[1.516s] Invoked command in '/home/kappa/task1_ws/build/task1' returned '0': CMAKE_PREFIX_PATH=${CMAKE_PREFIX_PATH}:/opt/ros/jazzy DEBUGINFOD_URLS=https://debuginfod.ubuntu.com /usr/bin/cmake --install /home/kappa/task1_ws/build/task1
