[0.007s] Invoking command in '/home/kappa/task1_ws/build/task1': CMAKE_PREFIX_PATH=${CMAKE_PREFIX_PATH}:/opt/ros/jazzy DEBUGINFOD_URLS=https://debuginfod.ubuntu.com /usr/bin/cmake /home/kappa/task1_ws/src/task1 -DAMENT_CMAKE_SYMLINK_INSTALL=1 -DCMAKE_INSTALL_PREFIX=/home/kappa/task1_ws/install/task1
[0.106s] -- The C compiler identification is GNU 13.3.0
[0.184s] -- The CXX compiler identification is GNU 13.3.0
[0.196s] -- Detecting C compiler ABI info
[0.259s] -- Detecting C compiler ABI info - done
[0.266s] -- Check for working C compiler: /usr/bin/cc - skipped
[0.266s] -- Detecting C compile features
[0.267s] -- Detecting C compile features - done
[0.277s] -- Detecting CXX compiler ABI info
[0.373s] -- Detecting CXX compiler ABI info - done
[0.379s] -- Check for working CXX compiler: /usr/bin/c++ - skipped
[0.379s] -- Detecting CXX compile features
[0.380s] -- Detecting CXX compile features - done
[0.388s] -- Found ament_cmake: 2.5.5 (/opt/ros/jazzy/share/ament_cmake/cmake)
[0.497s] -- Found Python3: /usr/bin/python3 (found version "3.12.3") found components: Interpreter 
[0.542s] -- Override CMake install command with custom implementation using symlinks instead of copying resources
[0.577s] -- Found ament_lint_auto: 0.17.4 (/opt/ros/jazzy/share/ament_lint_auto/cmake)
[0.655s] -- Added test 'lint_cmake' to check CMake code style
[0.656s] -- Added test 'xmllint' to check XML markup files
[0.658s] -- Configuring done (0.6s)
[0.660s] -- Generating done (0.0s)
[0.661s] -- Build files have been written to: /home/kappa/task1_ws/build/task1
[0.665s] Invoked command in '/home/kappa/task1_ws/build/task1' returned '0': CMAKE_PREFIX_PATH=${CMAKE_PREFIX_PATH}:/opt/ros/jazzy DEBUGINFOD_URLS=https://debuginfod.ubuntu.com /usr/bin/cmake /home/kappa/task1_ws/src/task1 -DAMENT_CMAKE_SYMLINK_INSTALL=1 -DCMAKE_INSTALL_PREFIX=/home/kappa/task1_ws/install/task1
[0.665s] Invoking command in '/home/kappa/task1_ws/build/task1': CMAKE_PREFIX_PATH=${CMAKE_PREFIX_PATH}:/opt/ros/jazzy DEBUGINFOD_URLS=https://debuginfod.ubuntu.com /usr/bin/cmake --build /home/kappa/task1_ws/build/task1 -- -j16 -l16
[0.689s] Invoked command in '/home/kappa/task1_ws/build/task1' returned '0': CMAKE_PREFIX_PATH=${CMAKE_PREFIX_PATH}:/opt/ros/jazzy DEBUGINFOD_URLS=https://debuginfod.ubuntu.com /usr/bin/cmake --build /home/kappa/task1_ws/build/task1 -- -j16 -l16
[0.696s] Invoking command in '/home/kappa/task1_ws/build/task1': CMAKE_PREFIX_PATH=${CMAKE_PREFIX_PATH}:/opt/ros/jazzy DEBUGINFOD_URLS=https://debuginfod.ubuntu.com /usr/bin/cmake --install /home/kappa/task1_ws/build/task1
[0.700s] -- Install configuration: ""
[0.700s] -- Execute custom install script
[0.701s] -- Symlinking: /home/kappa/task1_ws/install/task1/share/ament_index/resource_index/package_run_dependencies/task1
[0.706s] -- Symlinking: /home/kappa/task1_ws/install/task1/share/ament_index/resource_index/parent_prefix_path/task1
[0.711s] -- Symlinking: /home/kappa/task1_ws/install/task1/share/task1/environment/ament_prefix_path.sh
[0.716s] -- Symlinking: /home/kappa/task1_ws/install/task1/share/task1/environment/ament_prefix_path.dsv
[0.721s] -- Symlinking: /home/kappa/task1_ws/install/task1/share/task1/environment/path.sh
[0.728s] -- Symlinking: /home/kappa/task1_ws/install/task1/share/task1/environment/path.dsv
[0.734s] -- Symlinking: /home/kappa/task1_ws/install/task1/share/task1/local_setup.bash
[0.740s] -- Symlinking: /home/kappa/task1_ws/install/task1/share/task1/local_setup.sh
[0.746s] -- Symlinking: /home/kappa/task1_ws/install/task1/share/task1/local_setup.zsh
[0.753s] -- Symlinking: /home/kappa/task1_ws/install/task1/share/task1/local_setup.dsv
[0.760s] -- Symlinking: /home/kappa/task1_ws/install/task1/share/task1/package.dsv
[0.769s] -- Symlinking: /home/kappa/task1_ws/install/task1/share/ament_index/resource_index/packages/task1
[0.776s] -- Symlinking: /home/kappa/task1_ws/install/task1/share/task1/cmake/task1Config.cmake
[0.785s] -- Symlinking: /home/kappa/task1_ws/install/task1/share/task1/cmake/task1Config-version.cmake
[0.791s] -- Symlinking: /home/kappa/task1_ws/install/task1/share/task1/package.xml
[0.800s] Invoked command in '/home/kappa/task1_ws/build/task1' returned '0': CMAKE_PREFIX_PATH=${CMAKE_PREFIX_PATH}:/opt/ros/jazzy DEBUGINFOD_URLS=https://debuginfod.ubuntu.com /usr/bin/cmake --install /home/kappa/task1_ws/build/task1
